\BOOKMARK [0][-]{chapter.1}{Introduction}{}% 1
\BOOKMARK [1][-]{section.1.1}{Problem Background}{chapter.1}% 2
\BOOKMARK [1][-]{section.1.2}{Project Aims and Objectives}{chapter.1}% 3
\BOOKMARK [1][-]{section.1.3}{Success Criteria}{chapter.1}% 4
\BOOKMARK [1][-]{section.1.4}{Structure of Report}{chapter.1}% 5
\BOOKMARK [0][-]{chapter.2}{Literature Review}{}% 6
\BOOKMARK [1][-]{section.2.1}{Proteins}{chapter.2}% 7
\BOOKMARK [2][-]{subsection.2.1.1}{Amino Acids \046 Poly-Peptides}{section.2.1}% 8
\BOOKMARK [2][-]{subsection.2.1.2}{Protein Structures}{section.2.1}% 9
\BOOKMARK [2][-]{subsection.2.1.3}{The Protein's Energy Landscape}{section.2.1}% 10
\BOOKMARK [2][-]{subsection.2.1.4}{Bioinformatics}{section.2.1}% 11
\BOOKMARK [3][-]{subsubsection.2.1.4.1}{Homology Modelling}{subsection.2.1.4}% 12
\BOOKMARK [3][-]{subsubsection.2.1.4.2}{Lattice Models}{subsection.2.1.4}% 13
\BOOKMARK [3][-]{subsubsection.2.1.4.3}{HP Model}{subsection.2.1.4}% 14
\BOOKMARK [3][-]{subsubsection.2.1.4.4}{hHPNX Model}{subsection.2.1.4}% 15
\BOOKMARK [1][-]{section.2.2}{Reinforcement Learning}{chapter.2}% 16
\BOOKMARK [2][-]{subsection.2.2.1}{Markov Decision Processes}{section.2.2}% 17
\BOOKMARK [2][-]{subsection.2.2.2}{Temporal Difference Error}{section.2.2}% 18
\BOOKMARK [3][-]{subsubsection.2.2.2.1}{Q Learning}{subsection.2.2.2}% 19
\BOOKMARK [3][-]{subsubsection.2.2.2.2}{Bellman Equation}{subsection.2.2.2}% 20
\BOOKMARK [2][-]{subsection.2.2.3}{Deep Q-Networks}{section.2.2}% 21
\BOOKMARK [3][-]{subsubsection.2.2.3.1}{Neural Networks}{subsection.2.2.3}% 22
\BOOKMARK [3][-]{subsubsection.2.2.3.2}{Limitations of function approximators}{subsection.2.2.3}% 23
\BOOKMARK [3][-]{subsubsection.2.2.3.3}{Non-stationarity}{subsection.2.2.3}% 24
\BOOKMARK [3][-]{subsubsection.2.2.3.4}{Parameterising Q values with neural networks}{subsection.2.2.3}% 25
\BOOKMARK [3][-]{subsubsection.2.2.3.5}{Experience Replay}{subsection.2.2.3}% 26
\BOOKMARK [2][-]{subsection.2.2.4}{Limitations of Vanilla Deep Q-Networks}{section.2.2}% 27
\BOOKMARK [3][-]{subsubsection.2.2.4.1}{Memory}{subsection.2.2.4}% 28
\BOOKMARK [3][-]{subsubsection.2.2.4.2}{Exploration}{subsection.2.2.4}% 29
\BOOKMARK [3][-]{subsubsection.2.2.4.3}{Exploitation}{subsection.2.2.4}% 30
\BOOKMARK [3][-]{subsubsection.2.2.4.4}{Rainbow DQN}{subsection.2.2.4}% 31
\BOOKMARK [1][-]{section.2.3}{Multi-Agent Reinforcement Learning}{chapter.2}% 32
\BOOKMARK [2][-]{subsection.2.3.1}{Stochastic Games}{section.2.3}% 33
\BOOKMARK [3][-]{subsubsection.2.3.1.1}{Game Theory}{subsection.2.3.1}% 34
\BOOKMARK [3][-]{subsubsection.2.3.1.2}{Expected Pay-offs as Expected Rewards}{subsection.2.3.1}% 35
\BOOKMARK [3][-]{subsubsection.2.3.1.3}{Multi-Agent Games}{subsection.2.3.1}% 36
\BOOKMARK [3][-]{subsubsection.2.3.1.4}{Mean Field Games}{subsection.2.3.1}% 37
\BOOKMARK [3][-]{subsubsection.2.3.1.5}{Mean Field multi-agent reinforcement learning}{subsection.2.3.1}% 38
\BOOKMARK [1][-]{section.2.4}{Related Work}{chapter.2}% 39
\BOOKMARK [2][-]{subsection.2.4.1}{MCMC methods for lattice models}{section.2.4}% 40
\BOOKMARK [2][-]{subsection.2.4.2}{Deep Learning methods for lattice models}{section.2.4}% 41
\BOOKMARK [3][-]{subsubsection.2.4.2.1}{Alpha-Fold}{subsection.2.4.2}% 42
\BOOKMARK [2][-]{subsection.2.4.3}{Reinforcement Learning methods for lattice models}{section.2.4}% 43
